<?xml version="1.0" encoding="UTF-8" standalone="no"?>
<testsuite errors="0" failures="0" name="io.cucumber.core.plugin.JUnitFormatter" skipped="0" tests="2" time="6.063">
    <testcase classname="Work &quot;click here&quot;" name="Change content" time="2.557">
        <system-out><![CDATA[Given I am on the dynamic_content...........................................passed
When I click on click here..................................................passed
Then I should see change content of the threeth agent.......................passed
]]></system-out>
    </testcase>
    <testcase classname="Google Search" name="Search for a term" time="3.211">
        <system-out><![CDATA[Given I am on the Google search page........................................passed
When I search for "GitHub"..................................................passed
Then I should see "GitHub" in the results...................................passed
]]></system-out>
    </testcase>
</testsuite>
